[17:09:03] [Server console handler/ERROR]: Exception handling console input
java.io.IOException: Nieprawid³owe dojœcie
	at java.io.FileInputStream.readBytes(Native Method) ~[?:1.8.0_101]
	at java.io.FileInputStream.read(Unknown Source) ~[?:1.8.0_101]
	at java.io.BufferedInputStream.read1(Unknown Source) ~[?:1.8.0_101]
	at java.io.BufferedInputStream.read(Unknown Source) ~[?:1.8.0_101]
	at sun.nio.cs.StreamDecoder.readBytes(Unknown Source) ~[?:1.8.0_101]
	at sun.nio.cs.StreamDecoder.implRead(Unknown Source) ~[?:1.8.0_101]
	at sun.nio.cs.StreamDecoder.read(Unknown Source) ~[?:1.8.0_101]
	at java.io.InputStreamReader.read(Unknown Source) ~[?:1.8.0_101]
	at java.io.BufferedReader.fill(Unknown Source) ~[?:1.8.0_101]
	at java.io.BufferedReader.readLine(Unknown Source) ~[?:1.8.0_101]
	at java.io.BufferedReader.readLine(Unknown Source) ~[?:1.8.0_101]
	at ld$2.run(SourceFile:95) [minecraft_server.1.10.2.jar:?]
[17:09:03] [Server thread/INFO]: Starting minecraft server version 1.10.2
[17:09:03] [Server thread/WARN]: To start the server with more ram, launch it as "java -Xmx1024M -Xms1024M -jar minecraft_server.jar"
[17:09:03] [Server thread/INFO]: Loading properties
[17:09:03] [Server thread/INFO]: Default game type: SURVIVAL
[17:09:03] [Server thread/INFO]: Generating keypair
[17:09:04] [Server thread/INFO]: Starting Minecraft server on *:25565
[17:09:04] [Server thread/INFO]: Using default channel type
[17:09:04] [Server thread/WARN]: **** SERVER IS RUNNING IN OFFLINE/INSECURE MODE!
[17:09:04] [Server thread/WARN]: The server will make no attempt to authenticate usernames. Beware.
[17:09:04] [Server thread/WARN]: While this makes the game possible to play without internet access, it also opens up the ability for hackers to connect with any username they choose.
[17:09:04] [Server thread/WARN]: To change this, set "online-mode" to "true" in the server.properties file.
[17:09:04] [Server thread/INFO]: Preparing level "AmazingWorld"
[17:09:05] [Server thread/INFO]: Preparing start region for level 0
[17:09:06] [Server thread/INFO]: Preparing spawn area: 0%
[17:09:07] [Server thread/INFO]: Preparing spawn area: 6%
[17:09:09] [Server thread/INFO]: Preparing spawn area: 27%
[17:09:10] [Server thread/INFO]: Preparing spawn area: 54%
[17:09:11] [Server thread/INFO]: Preparing spawn area: 61%
[17:09:12] [Server thread/INFO]: Preparing spawn area: 79%
[17:09:12] [Server thread/INFO]: Done (8,005s)! For help, type "help" or "?"
[17:10:00] [Server thread/WARN]: Can't keep up! Did the system time change, or is the server overloaded? Running 2157ms behind, skipping 43 tick(s)
[17:13:08] [Server thread/INFO]: Lause[/192.168.0.12:57149] logged in with entity id 236 at (-1366.000646349607, 65.0, -7.144492287333633)
[17:13:08] [Server thread/INFO]: Lause joined the game
[17:13:11] [Server thread/WARN]: Can't keep up! Did the system time change, or is the server overloaded? Running 3711ms behind, skipping 74 tick(s)
[17:13:12] [Server thread/INFO]: Siemq[/192.168.0.13:56893] logged in with entity id 416 at (-1363.6109951487429, 59.0, -3.4937600353609675)
[17:13:12] [Server thread/INFO]: Siemq joined the game
[17:16:02] [Server thread/WARN]: Can't keep up! Did the system time change, or is the server overloaded? Running 2366ms behind, skipping 47 tick(s)
[17:23:34] [Server thread/WARN]: Can't keep up! Did the system time change, or is the server overloaded? Running 2355ms behind, skipping 47 tick(s)
[17:23:55] [Server thread/WARN]: Can't keep up! Did the system time change, or is the server overloaded? Running 7416ms behind, skipping 148 tick(s)
[17:24:11] [Server thread/WARN]: Can't keep up! Did the system time change, or is the server overloaded? Running 8678ms behind, skipping 173 tick(s)
[17:24:26] [Server thread/WARN]: Can't keep up! Did the system time change, or is the server overloaded? Running 3896ms behind, skipping 77 tick(s)
[17:25:12] [Server thread/WARN]: Can't keep up! Did the system time change, or is the server overloaded? Running 26320ms behind, skipping 526 tick(s)
[17:25:16] [Server thread/WARN]: Can't keep up! Did the system time change, or is the server overloaded? Running 3185ms behind, skipping 63 tick(s)
[17:25:58] [Server thread/WARN]: Can't keep up! Did the system time change, or is the server overloaded? Running 19442ms behind, skipping 388 tick(s)
[17:26:05] [Server thread/WARN]: Can't keep up! Did the system time change, or is the server overloaded? Running 6761ms behind, skipping 135 tick(s)
[17:26:36] [Server thread/WARN]: Can't keep up! Did the system time change, or is the server overloaded? Running 2606ms behind, skipping 52 tick(s)
[17:27:05] [Server thread/WARN]: Can't keep up! Did the system time change, or is the server overloaded? Running 10930ms behind, skipping 218 tick(s)
[17:27:44] [Server thread/WARN]: Can't keep up! Did the system time change, or is the server overloaded? Running 2016ms behind, skipping 40 tick(s)
[17:28:32] [Server thread/WARN]: Can't keep up! Did the system time change, or is the server overloaded? Running 3656ms behind, skipping 73 tick(s)
[17:29:07] [Server thread/INFO]: <Lause> -1420 70 351
[17:29:16] [Server thread/WARN]: Can't keep up! Did the system time change, or is the server overloaded? Running 2337ms behind, skipping 46 tick(s)
[17:29:49] [Server thread/WARN]: Can't keep up! Did the system time change, or is the server overloaded? Running 14593ms behind, skipping 291 tick(s)
[17:29:57] [Server thread/WARN]: Can't keep up! Did the system time change, or is the server overloaded? Running 4760ms behind, skipping 95 tick(s)
[17:30:17] [Server thread/WARN]: Can't keep up! Did the system time change, or is the server overloaded? Running 2517ms behind, skipping 50 tick(s)
[17:31:02] [Server thread/WARN]: Can't keep up! Did the system time change, or is the server overloaded? Running 2345ms behind, skipping 46 tick(s)
[17:33:17] [Server thread/WARN]: Can't keep up! Did the system time change, or is the server overloaded? Running 2078ms behind, skipping 41 tick(s)
[17:34:03] [Server thread/WARN]: Can't keep up! Did the system time change, or is the server overloaded? Running 2898ms behind, skipping 57 tick(s)
[17:34:48] [Server thread/WARN]: Can't keep up! Did the system time change, or is the server overloaded? Running 2758ms behind, skipping 55 tick(s)
[17:35:34] [Server thread/WARN]: Can't keep up! Did the system time change, or is the server overloaded? Running 2775ms behind, skipping 55 tick(s)
[17:37:50] [Server thread/WARN]: Can't keep up! Did the system time change, or is the server overloaded? Running 3004ms behind, skipping 60 tick(s)
[17:40:43] [Server thread/WARN]: Keeping entity Spider that already exists with UUID b488b1f7-1692-4bb4-946b-665ed44650e0
[17:40:50] [Server thread/WARN]: Can't keep up! Did the system time change, or is the server overloaded? Running 2149ms behind, skipping 42 tick(s)
[17:41:52] [Server thread/WARN]: Can't keep up! Did the system time change, or is the server overloaded? Running 3629ms behind, skipping 72 tick(s)
[17:42:11] [Server thread/WARN]: Can't keep up! Did the system time change, or is the server overloaded? Running 5330ms behind, skipping 106 tick(s)
[17:42:28] [Server thread/WARN]: Can't keep up! Did the system time change, or is the server overloaded? Running 2804ms behind, skipping 56 tick(s)
[17:43:03] [Server thread/INFO]: <Lause> -1495 67 402
[17:45:27] [Server thread/WARN]: Can't keep up! Did the system time change, or is the server overloaded? Running 2610ms behind, skipping 52 tick(s)
[17:46:13] [Server thread/WARN]: Can't keep up! Did the system time change, or is the server overloaded? Running 3183ms behind, skipping 63 tick(s)
[17:46:55] [Server thread/WARN]: Can't keep up! Did the system time change, or is the server overloaded? Running 2589ms behind, skipping 51 tick(s)
[17:46:55] [Server thread/WARN]: Siemq moved too quickly! 4.224457165507829,0.0,9.274458164034172
[17:47:45] [Server thread/WARN]: Can't keep up! Did the system time change, or is the server overloaded? Running 3549ms behind, skipping 70 tick(s)
[17:48:01] [Server thread/WARN]: Can't keep up! Did the system time change, or is the server overloaded? Running 3015ms behind, skipping 60 tick(s)
[17:48:34] [Server thread/WARN]: Can't keep up! Did the system time change, or is the server overloaded? Running 4958ms behind, skipping 99 tick(s)
[17:48:52] [Server thread/WARN]: Can't keep up! Did the system time change, or is the server overloaded? Running 6261ms behind, skipping 125 tick(s)
[17:49:23] [Server thread/WARN]: Can't keep up! Did the system time change, or is the server overloaded? Running 2207ms behind, skipping 44 tick(s)
[17:50:09] [Server thread/INFO]: Siemq lost connection: TextComponent{text='Disconnected', siblings=[], style=Style{hasParent=false, color=null, bold=null, italic=null, underlined=null, obfuscated=null, clickEvent=null, hoverEvent=null, insertion=null}}
[17:50:09] [Server thread/INFO]: Siemq left the game
[17:50:30] [Server thread/INFO]: Siemq[/192.168.0.13:56910] logged in with entity id 16766 at (-1153.4931205408877, 101.0, 326.30000001192093)
[17:50:30] [Server thread/INFO]: Siemq joined the game
[17:51:39] [Server thread/WARN]: Can't keep up! Did the system time change, or is the server overloaded? Running 2860ms behind, skipping 57 tick(s)
[17:52:34] [Server thread/WARN]: Can't keep up! Did the system time change, or is the server overloaded? Running 2031ms behind, skipping 40 tick(s)
[17:52:38] [Server thread/WARN]: Keeping entity Spider that already exists with UUID b488b1f7-1692-4bb4-946b-665ed44650e0
[17:53:57] [Server thread/WARN]: Can't keep up! Did the system time change, or is the server overloaded? Running 4113ms behind, skipping 82 tick(s)
[17:54:17] [Server thread/WARN]: Keeping entity Spider that already exists with UUID b488b1f7-1692-4bb4-946b-665ed44650e0
[17:54:22] [Server thread/INFO]: Lause has just earned the achievement [Cow Tipper]
[17:57:43] [Server thread/WARN]: Can't keep up! Did the system time change, or is the server overloaded? Running 3491ms behind, skipping 69 tick(s)
[17:58:00] [Server thread/WARN]: Keeping entity Spider that already exists with UUID b488b1f7-1692-4bb4-946b-665ed44650e0
[18:00:37] [Server thread/WARN]: Keeping entity Spider that already exists with UUID b488b1f7-1692-4bb4-946b-665ed44650e0
[18:02:05] [Server thread/INFO]: Siemq lost connection: TranslatableComponent{key='disconnect.genericReason', args=[Internal Exception: java.io.IOException: Nawi¹zane po³¹czenie zosta³o przerwane przez oprogramowanie zainstalowane w komputerze-hoœcie], siblings=[], style=Style{hasParent=false, color=null, bold=null, italic=null, underlined=null, obfuscated=null, clickEvent=null, hoverEvent=null, insertion=null}}
[18:02:05] [Server thread/INFO]: Siemq left the game
[18:02:09] [Server thread/INFO]: Lause lost connection: TranslatableComponent{key='disconnect.genericReason', args=[Internal Exception: java.io.IOException: Nawi¹zane po³¹czenie zosta³o przerwane przez oprogramowanie zainstalowane w komputerze-hoœcie], siblings=[], style=Style{hasParent=false, color=null, bold=null, italic=null, underlined=null, obfuscated=null, clickEvent=null, hoverEvent=null, insertion=null}}
[18:02:09] [Server thread/INFO]: Lause left the game
[18:02:21] [Server thread/INFO]: Stopping server
[18:02:21] [Server thread/INFO]: Saving players
[18:02:21] [Server thread/INFO]: Saving worlds
[18:02:21] [Server thread/INFO]: Saving chunks for level 'AmazingWorld'/Overworld
[18:02:21] [Server Shutdown Thread/INFO]: Stopping server
