[00:05:04] [Server thread/WARN]: Can't keep up! Did the system time change, or is the server overloaded? Running 2028ms behind, skipping 40 tick(s)
[00:05:48] [Server thread/WARN]: Can't keep up! Did the system time change, or is the server overloaded? Running 2596ms behind, skipping 51 tick(s)
[00:07:18] [Server thread/INFO]: Lause was shot by Skeleton
[00:07:40] [Server thread/INFO]: Siemq was shot by Skeleton
[00:47:53] [Server thread/INFO]: Siemq has just earned the achievement [Bake Bread]
[00:49:51] [Server thread/INFO]: Lause was blown up by Creeper
[01:08:52] [Server thread/INFO]: Lause lost connection: TranslatableComponent{key='disconnect.genericReason', args=[Internal Exception: java.io.IOException: Istniej¹ce po³¹czenie zosta³o gwa³townie zamkniête przez zdalnego hosta], siblings=[], style=Style{hasParent=false, color=null, bold=null, italic=null, underlined=null, obfuscated=null, clickEvent=null, hoverEvent=null, insertion=null}}
[01:08:52] [Server thread/INFO]: Lause left the game
[01:11:51] [Server thread/INFO]: Lause[/192.168.0.12:53569] logged in with entity id 136092 at (-1372.5, 65.0, 47.5)
[01:11:51] [Server thread/INFO]: Lause joined the game
[01:35:58] [Server thread/INFO]: Siemq was shot by Skeleton
[01:58:17] [Server thread/INFO]: Lause was shot by Skeleton
[02:07:01] [Server thread/INFO]: Siemq lost connection: TextComponent{text='Disconnected', siblings=[], style=Style{hasParent=false, color=null, bold=null, italic=null, underlined=null, obfuscated=null, clickEvent=null, hoverEvent=null, insertion=null}}
[02:07:01] [Server thread/INFO]: Siemq left the game
[02:07:11] [Server thread/INFO]: Lause lost connection: TextComponent{text='Disconnected', siblings=[], style=Style{hasParent=false, color=null, bold=null, italic=null, underlined=null, obfuscated=null, clickEvent=null, hoverEvent=null, insertion=null}}
[02:07:11] [Server thread/INFO]: Lause left the game
[02:07:31] [Server thread/INFO]: Stopping server
[02:07:31] [Server Shutdown Thread/INFO]: Stopping server
[02:07:31] [Server thread/INFO]: Saving players
[02:07:31] [Server Shutdown Thread/INFO]: Saving players
[02:07:31] [Server thread/INFO]: Saving worlds
[02:07:31] [Server Shutdown Thread/INFO]: Saving worlds
[02:07:31] [Server thread/INFO]: Saving chunks for level 'AmazingWorld'/Overworld
[02:07:31] [Server Shutdown Thread/INFO]: Saving chunks for level 'AmazingWorld'/Overworld
