[19:47:21] [Server thread/INFO]: Starting minecraft server version 1.10.2
[19:47:21] [Server thread/WARN]: To start the server with more ram, launch it as "java -Xmx1024M -Xms1024M -jar minecraft_server.jar"
[19:47:21] [Server console handler/ERROR]: Exception handling console input
java.io.IOException: Nieprawid³owe dojœcie
	at java.io.FileInputStream.readBytes(Native Method) ~[?:1.8.0_101]
	at java.io.FileInputStream.read(Unknown Source) ~[?:1.8.0_101]
	at java.io.BufferedInputStream.read1(Unknown Source) ~[?:1.8.0_101]
	at java.io.BufferedInputStream.read(Unknown Source) ~[?:1.8.0_101]
	at sun.nio.cs.StreamDecoder.readBytes(Unknown Source) ~[?:1.8.0_101]
	at sun.nio.cs.StreamDecoder.implRead(Unknown Source) ~[?:1.8.0_101]
	at sun.nio.cs.StreamDecoder.read(Unknown Source) ~[?:1.8.0_101]
	at java.io.InputStreamReader.read(Unknown Source) ~[?:1.8.0_101]
	at java.io.BufferedReader.fill(Unknown Source) ~[?:1.8.0_101]
	at java.io.BufferedReader.readLine(Unknown Source) ~[?:1.8.0_101]
	at java.io.BufferedReader.readLine(Unknown Source) ~[?:1.8.0_101]
	at ld$2.run(SourceFile:95) [minecraft_server.1.10.2.jar:?]
[19:47:21] [Server thread/INFO]: Loading properties
[19:47:22] [Server thread/INFO]: Default game type: SURVIVAL
[19:47:22] [Server thread/INFO]: Generating keypair
[19:47:23] [Server thread/INFO]: Starting Minecraft server on *:25565
[19:47:23] [Server thread/INFO]: Using default channel type
[19:47:24] [Server thread/WARN]: **** SERVER IS RUNNING IN OFFLINE/INSECURE MODE!
[19:47:24] [Server thread/WARN]: The server will make no attempt to authenticate usernames. Beware.
[19:47:24] [Server thread/WARN]: While this makes the game possible to play without internet access, it also opens up the ability for hackers to connect with any username they choose.
[19:47:24] [Server thread/WARN]: To change this, set "online-mode" to "true" in the server.properties file.
[19:47:24] [Server thread/INFO]: Preparing level "AmazingWorld"
[19:47:25] [Server thread/INFO]: Preparing start region for level 0
[19:47:27] [Server thread/INFO]: Preparing spawn area: 0%
[19:47:28] [Server thread/INFO]: Preparing spawn area: 4%
[19:47:29] [Server thread/INFO]: Preparing spawn area: 15%
[19:47:30] [Server thread/INFO]: Preparing spawn area: 37%
[19:47:31] [Server thread/INFO]: Preparing spawn area: 56%
[19:47:32] [Server thread/INFO]: Preparing spawn area: 78%
[19:47:32] [Server thread/INFO]: Done (8,147s)! For help, type "help" or "?"
[19:50:52] [Server thread/INFO]: Lause[/192.168.0.12:61033] logged in with entity id 247 at (-1287.3632232505163, 77.0, 57.572334973389054)
[19:50:52] [Server thread/INFO]: Lause joined the game
[19:50:54] [Server thread/WARN]: Can't keep up! Did the system time change, or is the server overloaded? Running 2652ms behind, skipping 53 tick(s)
[19:51:28] [Server thread/INFO]: Siemq[/192.168.0.13:56009] logged in with entity id 438 at (-1390.9565521265988, 65.0, -16.590088436895936)
[19:51:28] [Server thread/INFO]: Siemq joined the game
[19:54:20] [Server thread/WARN]: Can't keep up! Did the system time change, or is the server overloaded? Running 2256ms behind, skipping 45 tick(s)
[19:59:36] [Server thread/INFO]: Lause has just earned the achievement [Hot Topic]
[20:09:46] [Server thread/WARN]: Can't keep up! Did the system time change, or is the server overloaded? Running 2850ms behind, skipping 57 tick(s)
[20:10:06] [Server thread/WARN]: Can't keep up! Did the system time change, or is the server overloaded? Running 2088ms behind, skipping 41 tick(s)
[20:19:07] [Server thread/WARN]: Can't keep up! Did the system time change, or is the server overloaded? Running 2558ms behind, skipping 51 tick(s)
[20:22:53] [Server thread/WARN]: Can't keep up! Did the system time change, or is the server overloaded? Running 2976ms behind, skipping 59 tick(s)
[20:26:40] [Server thread/WARN]: Can't keep up! Did the system time change, or is the server overloaded? Running 2257ms behind, skipping 45 tick(s)
[20:28:40] [Server thread/INFO]: Siemq lost connection: TextComponent{text='Disconnected', siblings=[], style=Style{hasParent=false, color=null, bold=null, italic=null, underlined=null, obfuscated=null, clickEvent=null, hoverEvent=null, insertion=null}}
[20:28:40] [Server thread/INFO]: Siemq left the game
[20:29:06] [Server thread/INFO]: Siemq[/192.168.0.13:56050] logged in with entity id 15581 at (-1238.9849932388336, 81.0, 36.52822222427116)
[20:29:06] [Server thread/INFO]: Siemq joined the game
[20:29:40] [Server thread/WARN]: Can't keep up! Did the system time change, or is the server overloaded? Running 3811ms behind, skipping 76 tick(s)
[20:29:40] [Server thread/WARN]: Keeping entity Bat that already exists with UUID 3848cca9-50b9-4d49-8beb-826af33e73f5
[20:29:40] [Server thread/WARN]: Keeping entity Bat that already exists with UUID 028a3a7d-39fc-4710-8948-ef805357de6d
[20:29:59] [Server thread/WARN]: Keeping entity Bat that already exists with UUID 3486620f-939e-4d82-a9af-5fcab34dbddc
[20:31:35] [Server thread/WARN]: Keeping entity Bat that already exists with UUID 3848cca9-50b9-4d49-8beb-826af33e73f5
[20:31:35] [Server thread/WARN]: Keeping entity Bat that already exists with UUID 028a3a7d-39fc-4710-8948-ef805357de6d
[20:31:35] [Server thread/WARN]: Keeping entity Bat that already exists with UUID 3486620f-939e-4d82-a9af-5fcab34dbddc
[20:31:55] [Server thread/WARN]: Keeping entity Bat that already exists with UUID 3848cca9-50b9-4d49-8beb-826af33e73f5
[20:31:55] [Server thread/WARN]: Keeping entity Bat that already exists with UUID 028a3a7d-39fc-4710-8948-ef805357de6d
[20:31:55] [Server thread/WARN]: Keeping entity Bat that already exists with UUID 3486620f-939e-4d82-a9af-5fcab34dbddc
[20:32:55] [Server thread/WARN]: Keeping entity Bat that already exists with UUID 3848cca9-50b9-4d49-8beb-826af33e73f5
[20:32:55] [Server thread/WARN]: Keeping entity Bat that already exists with UUID 028a3a7d-39fc-4710-8948-ef805357de6d
[20:33:32] [Server thread/WARN]: Keeping entity Bat that already exists with UUID 3848cca9-50b9-4d49-8beb-826af33e73f5
[20:33:32] [Server thread/WARN]: Keeping entity Bat that already exists with UUID 028a3a7d-39fc-4710-8948-ef805357de6d
[20:34:10] [Server thread/WARN]: Keeping entity Bat that already exists with UUID 3848cca9-50b9-4d49-8beb-826af33e73f5
[20:34:10] [Server thread/WARN]: Keeping entity Bat that already exists with UUID 028a3a7d-39fc-4710-8948-ef805357de6d
[20:34:10] [Server thread/WARN]: Keeping entity Bat that already exists with UUID 3486620f-939e-4d82-a9af-5fcab34dbddc
[20:34:34] [Server thread/WARN]: Keeping entity Bat that already exists with UUID 3848cca9-50b9-4d49-8beb-826af33e73f5
[20:34:34] [Server thread/WARN]: Keeping entity Bat that already exists with UUID 028a3a7d-39fc-4710-8948-ef805357de6d
[20:35:03] [Server thread/WARN]: Keeping entity Bat that already exists with UUID 3848cca9-50b9-4d49-8beb-826af33e73f5
[20:35:03] [Server thread/WARN]: Keeping entity Bat that already exists with UUID 028a3a7d-39fc-4710-8948-ef805357de6d
[20:35:38] [Server thread/WARN]: Keeping entity Bat that already exists with UUID 3848cca9-50b9-4d49-8beb-826af33e73f5
[20:35:38] [Server thread/WARN]: Keeping entity Bat that already exists with UUID 028a3a7d-39fc-4710-8948-ef805357de6d
[20:35:38] [Server thread/WARN]: Keeping entity Bat that already exists with UUID 3486620f-939e-4d82-a9af-5fcab34dbddc
[20:35:59] [Server thread/WARN]: Keeping entity Bat that already exists with UUID 3848cca9-50b9-4d49-8beb-826af33e73f5
[20:35:59] [Server thread/WARN]: Keeping entity Bat that already exists with UUID 028a3a7d-39fc-4710-8948-ef805357de6d
[20:35:59] [Server thread/WARN]: Keeping entity Bat that already exists with UUID 3486620f-939e-4d82-a9af-5fcab34dbddc
[20:36:56] [Server thread/WARN]: Keeping entity Bat that already exists with UUID 3848cca9-50b9-4d49-8beb-826af33e73f5
[20:36:56] [Server thread/WARN]: Keeping entity Bat that already exists with UUID 028a3a7d-39fc-4710-8948-ef805357de6d
[20:37:09] [Server thread/WARN]: Keeping entity Bat that already exists with UUID 3486620f-939e-4d82-a9af-5fcab34dbddc
[20:37:21] [Server thread/WARN]: Keeping entity Bat that already exists with UUID 3848cca9-50b9-4d49-8beb-826af33e73f5
[20:37:21] [Server thread/WARN]: Keeping entity Bat that already exists with UUID 028a3a7d-39fc-4710-8948-ef805357de6d
[20:37:33] [Server thread/WARN]: Keeping entity Bat that already exists with UUID 3848cca9-50b9-4d49-8beb-826af33e73f5
[20:37:33] [Server thread/WARN]: Keeping entity Bat that already exists with UUID 028a3a7d-39fc-4710-8948-ef805357de6d
[20:38:40] [Server thread/WARN]: Keeping entity Bat that already exists with UUID 3848cca9-50b9-4d49-8beb-826af33e73f5
[20:38:40] [Server thread/WARN]: Keeping entity Bat that already exists with UUID 028a3a7d-39fc-4710-8948-ef805357de6d
[20:38:46] [Server thread/WARN]: Keeping entity Bat that already exists with UUID 3486620f-939e-4d82-a9af-5fcab34dbddc
[20:39:09] [Server thread/WARN]: Keeping entity Bat that already exists with UUID 3848cca9-50b9-4d49-8beb-826af33e73f5
[20:39:09] [Server thread/WARN]: Keeping entity Bat that already exists with UUID 028a3a7d-39fc-4710-8948-ef805357de6d
[20:39:56] [Server thread/WARN]: Keeping entity Bat that already exists with UUID 3848cca9-50b9-4d49-8beb-826af33e73f5
[20:39:56] [Server thread/WARN]: Keeping entity Bat that already exists with UUID 028a3a7d-39fc-4710-8948-ef805357de6d
[20:40:04] [Server thread/WARN]: Keeping entity Bat that already exists with UUID 3486620f-939e-4d82-a9af-5fcab34dbddc
[20:40:11] [Server thread/WARN]: Keeping entity Bat that already exists with UUID 3848cca9-50b9-4d49-8beb-826af33e73f5
[20:40:11] [Server thread/WARN]: Keeping entity Bat that already exists with UUID 028a3a7d-39fc-4710-8948-ef805357de6d
[20:41:00] [Server thread/WARN]: Keeping entity Bat that already exists with UUID 3848cca9-50b9-4d49-8beb-826af33e73f5
[20:41:00] [Server thread/WARN]: Keeping entity Bat that already exists with UUID 028a3a7d-39fc-4710-8948-ef805357de6d
[20:41:39] [Server thread/WARN]: Keeping entity Bat that already exists with UUID 3848cca9-50b9-4d49-8beb-826af33e73f5
[20:41:39] [Server thread/WARN]: Keeping entity Bat that already exists with UUID 028a3a7d-39fc-4710-8948-ef805357de6d
[20:41:45] [Server thread/WARN]: Keeping entity Bat that already exists with UUID 3486620f-939e-4d82-a9af-5fcab34dbddc
[20:42:56] [Server thread/WARN]: Keeping entity Bat that already exists with UUID 3848cca9-50b9-4d49-8beb-826af33e73f5
[20:42:56] [Server thread/WARN]: Keeping entity Bat that already exists with UUID 028a3a7d-39fc-4710-8948-ef805357de6d
[20:43:09] [Server thread/WARN]: Keeping entity Bat that already exists with UUID 3848cca9-50b9-4d49-8beb-826af33e73f5
[20:43:09] [Server thread/WARN]: Keeping entity Bat that already exists with UUID 028a3a7d-39fc-4710-8948-ef805357de6d
[20:43:40] [Server thread/WARN]: Keeping entity Bat that already exists with UUID 3486620f-939e-4d82-a9af-5fcab34dbddc
[20:44:16] [Server thread/WARN]: Keeping entity Bat that already exists with UUID 3848cca9-50b9-4d49-8beb-826af33e73f5
[20:44:16] [Server thread/WARN]: Keeping entity Bat that already exists with UUID 028a3a7d-39fc-4710-8948-ef805357de6d
[20:45:17] [Server thread/WARN]: Keeping entity Bat that already exists with UUID 3848cca9-50b9-4d49-8beb-826af33e73f5
[20:45:17] [Server thread/WARN]: Keeping entity Bat that already exists with UUID 028a3a7d-39fc-4710-8948-ef805357de6d
[20:45:17] [Server thread/WARN]: Keeping entity Bat that already exists with UUID 3486620f-939e-4d82-a9af-5fcab34dbddc
[20:46:35] [Server thread/WARN]: Keeping entity Bat that already exists with UUID 3848cca9-50b9-4d49-8beb-826af33e73f5
[20:46:35] [Server thread/WARN]: Keeping entity Bat that already exists with UUID 028a3a7d-39fc-4710-8948-ef805357de6d
[20:47:23] [Server thread/WARN]: Keeping entity Bat that already exists with UUID 3848cca9-50b9-4d49-8beb-826af33e73f5
[20:47:23] [Server thread/WARN]: Keeping entity Bat that already exists with UUID 028a3a7d-39fc-4710-8948-ef805357de6d
[20:47:23] [Server thread/WARN]: Keeping entity Bat that already exists with UUID 3486620f-939e-4d82-a9af-5fcab34dbddc
[20:48:51] [Server thread/WARN]: Keeping entity Bat that already exists with UUID 3848cca9-50b9-4d49-8beb-826af33e73f5
[20:48:51] [Server thread/WARN]: Keeping entity Bat that already exists with UUID 028a3a7d-39fc-4710-8948-ef805357de6d
[20:48:55] [Server thread/WARN]: Keeping entity Bat that already exists with UUID 3486620f-939e-4d82-a9af-5fcab34dbddc
[20:49:15] [Server thread/WARN]: Keeping entity Bat that already exists with UUID 3848cca9-50b9-4d49-8beb-826af33e73f5
[20:49:15] [Server thread/WARN]: Keeping entity Bat that already exists with UUID 028a3a7d-39fc-4710-8948-ef805357de6d
[20:49:15] [Server thread/WARN]: Keeping entity Bat that already exists with UUID 3486620f-939e-4d82-a9af-5fcab34dbddc
[20:50:05] [Server thread/WARN]: Keeping entity Bat that already exists with UUID 3848cca9-50b9-4d49-8beb-826af33e73f5
[20:50:05] [Server thread/WARN]: Keeping entity Bat that already exists with UUID 028a3a7d-39fc-4710-8948-ef805357de6d
[20:50:18] [Server thread/WARN]: Keeping entity Bat that already exists with UUID 3486620f-939e-4d82-a9af-5fcab34dbddc
[20:50:43] [Server thread/WARN]: Keeping entity Bat that already exists with UUID 3848cca9-50b9-4d49-8beb-826af33e73f5
[20:50:43] [Server thread/WARN]: Keeping entity Bat that already exists with UUID 3486620f-939e-4d82-a9af-5fcab34dbddc
[20:52:13] [Server thread/WARN]: Keeping entity Bat that already exists with UUID 3848cca9-50b9-4d49-8beb-826af33e73f5
[20:52:36] [Server thread/WARN]: Keeping entity Bat that already exists with UUID 028a3a7d-39fc-4710-8948-ef805357de6d
[20:52:36] [Server thread/WARN]: Keeping entity Bat that already exists with UUID 3848cca9-50b9-4d49-8beb-826af33e73f5
[20:52:56] [Server thread/WARN]: Keeping entity Bat that already exists with UUID 3848cca9-50b9-4d49-8beb-826af33e73f5
[20:52:56] [Server thread/WARN]: Keeping entity Bat that already exists with UUID 3486620f-939e-4d82-a9af-5fcab34dbddc
[20:53:44] [Server thread/WARN]: Keeping entity Bat that already exists with UUID 3848cca9-50b9-4d49-8beb-826af33e73f5
[20:53:54] [Server thread/WARN]: Keeping entity Bat that already exists with UUID 3848cca9-50b9-4d49-8beb-826af33e73f5
[20:54:05] [Server thread/WARN]: Keeping entity Bat that already exists with UUID 3848cca9-50b9-4d49-8beb-826af33e73f5
[20:54:24] [Server thread/WARN]: Keeping entity Bat that already exists with UUID 3848cca9-50b9-4d49-8beb-826af33e73f5
[20:54:24] [Server thread/WARN]: Keeping entity Bat that already exists with UUID 3486620f-939e-4d82-a9af-5fcab34dbddc
[20:56:08] [Server thread/WARN]: Keeping entity Bat that already exists with UUID 3848cca9-50b9-4d49-8beb-826af33e73f5
[20:56:08] [Server thread/WARN]: Keeping entity Bat that already exists with UUID 3486620f-939e-4d82-a9af-5fcab34dbddc
[20:59:41] [Server thread/WARN]: Keeping entity Bat that already exists with UUID 3848cca9-50b9-4d49-8beb-826af33e73f5
[20:59:41] [Server thread/WARN]: Keeping entity Bat that already exists with UUID 3486620f-939e-4d82-a9af-5fcab34dbddc
[21:00:25] [Server thread/WARN]: Keeping entity Bat that already exists with UUID 3848cca9-50b9-4d49-8beb-826af33e73f5
[21:00:25] [Server thread/WARN]: Keeping entity Bat that already exists with UUID 3486620f-939e-4d82-a9af-5fcab34dbddc
[21:01:55] [Server thread/WARN]: Keeping entity Bat that already exists with UUID 3848cca9-50b9-4d49-8beb-826af33e73f5
[21:02:18] [Server thread/WARN]: Keeping entity Bat that already exists with UUID 3848cca9-50b9-4d49-8beb-826af33e73f5
[21:02:33] [Server thread/WARN]: Keeping entity Bat that already exists with UUID 3486620f-939e-4d82-a9af-5fcab34dbddc
[21:04:23] [Server thread/INFO]: Lause lost connection: TextComponent{text='Disconnected', siblings=[], style=Style{hasParent=false, color=null, bold=null, italic=null, underlined=null, obfuscated=null, clickEvent=null, hoverEvent=null, insertion=null}}
[21:04:23] [Server thread/INFO]: Lause left the game
[21:04:36] [Server thread/INFO]: Lause[/192.168.0.12:26106] logged in with entity id 27411 at (-1365.300000011921, 31.0, 81.30000001192093)
[21:04:36] [Server thread/INFO]: Lause joined the game
[21:04:58] [Server thread/WARN]: Keeping entity Bat that already exists with UUID 3848cca9-50b9-4d49-8beb-826af33e73f5
[21:05:03] [Server thread/WARN]: Keeping entity Bat that already exists with UUID 3848cca9-50b9-4d49-8beb-826af33e73f5
[21:05:03] [Server thread/WARN]: Keeping entity Bat that already exists with UUID 3486620f-939e-4d82-a9af-5fcab34dbddc
[21:05:14] [Server thread/WARN]: Keeping entity Bat that already exists with UUID 3848cca9-50b9-4d49-8beb-826af33e73f5
[21:06:25] [Server thread/WARN]: Keeping entity Bat that already exists with UUID 3848cca9-50b9-4d49-8beb-826af33e73f5
[21:06:26] [Server thread/WARN]: Keeping entity Bat that already exists with UUID 3486620f-939e-4d82-a9af-5fcab34dbddc
[21:06:27] [Server thread/WARN]: Can't keep up! Did the system time change, or is the server overloaded? Running 3316ms behind, skipping 66 tick(s)
[21:06:36] [Server thread/WARN]: Keeping entity Bat that already exists with UUID 028a3a7d-39fc-4710-8948-ef805357de6d
[21:07:12] [Server thread/WARN]: Can't keep up! Did the system time change, or is the server overloaded? Running 2541ms behind, skipping 50 tick(s)
[21:07:54] [Server thread/WARN]: Can't keep up! Did the system time change, or is the server overloaded? Running 2151ms behind, skipping 43 tick(s)
[21:07:58] [Server thread/WARN]: Keeping entity Bat that already exists with UUID 3848cca9-50b9-4d49-8beb-826af33e73f5
[21:08:12] [Server thread/WARN]: Can't keep up! Did the system time change, or is the server overloaded? Running 2334ms behind, skipping 46 tick(s)
[21:08:44] [Server thread/WARN]: Can't keep up! Did the system time change, or is the server overloaded? Running 2310ms behind, skipping 46 tick(s)
[21:08:48] [Server thread/WARN]: Keeping entity Bat that already exists with UUID 3848cca9-50b9-4d49-8beb-826af33e73f5
[21:08:48] [Server thread/WARN]: Keeping entity Bat that already exists with UUID 3486620f-939e-4d82-a9af-5fcab34dbddc
[21:09:03] [Server thread/WARN]: Can't keep up! Did the system time change, or is the server overloaded? Running 3887ms behind, skipping 77 tick(s)
[21:09:09] [Server thread/WARN]: Keeping entity Bat that already exists with UUID 3848cca9-50b9-4d49-8beb-826af33e73f5
[21:09:09] [Server thread/WARN]: Keeping entity Bat that already exists with UUID 3486620f-939e-4d82-a9af-5fcab34dbddc
[21:09:33] [Server thread/WARN]: Can't keep up! Did the system time change, or is the server overloaded? Running 3485ms behind, skipping 69 tick(s)
[21:09:48] [Server thread/WARN]: Keeping entity Bat that already exists with UUID 028a3a7d-39fc-4710-8948-ef805357de6d
[21:09:48] [Server thread/WARN]: Keeping entity Bat that already exists with UUID 3848cca9-50b9-4d49-8beb-826af33e73f5
[21:09:48] [Server thread/WARN]: Keeping entity Bat that already exists with UUID 3486620f-939e-4d82-a9af-5fcab34dbddc
[21:10:17] [Server thread/WARN]: Keeping entity Bat that already exists with UUID 3848cca9-50b9-4d49-8beb-826af33e73f5
[21:11:02] [Server thread/WARN]: Keeping entity Bat that already exists with UUID 3848cca9-50b9-4d49-8beb-826af33e73f5
[21:11:02] [Server thread/WARN]: Keeping entity Bat that already exists with UUID 3486620f-939e-4d82-a9af-5fcab34dbddc
[21:11:11] [Server thread/INFO]: <Lause> -1884 64 4
[21:11:24] [Server thread/WARN]: Can't keep up! Did the system time change, or is the server overloaded? Running 2052ms behind, skipping 41 tick(s)
[21:11:45] [Server thread/WARN]: Can't keep up! Did the system time change, or is the server overloaded? Running 7153ms behind, skipping 143 tick(s)
[21:11:53] [Server thread/WARN]: Keeping entity Bat that already exists with UUID 3848cca9-50b9-4d49-8beb-826af33e73f5
[21:11:53] [Server thread/WARN]: Keeping entity Bat that already exists with UUID 3486620f-939e-4d82-a9af-5fcab34dbddc
[21:12:36] [Server thread/WARN]: Can't keep up! Did the system time change, or is the server overloaded? Running 2268ms behind, skipping 45 tick(s)
[21:12:48] [Server thread/WARN]: Keeping entity Bat that already exists with UUID 3848cca9-50b9-4d49-8beb-826af33e73f5
[21:12:48] [Server thread/WARN]: Keeping entity Bat that already exists with UUID 3486620f-939e-4d82-a9af-5fcab34dbddc
[21:13:02] [Server thread/WARN]: Can't keep up! Did the system time change, or is the server overloaded? Running 2338ms behind, skipping 46 tick(s)
[21:13:26] [Server thread/WARN]: Can't keep up! Did the system time change, or is the server overloaded? Running 6366ms behind, skipping 127 tick(s)
[21:13:26] [Server thread/WARN]: Siemq moved too quickly! 3.163313365843578,0.0,9.593287626704557
[21:13:38] [Server thread/WARN]: Can't keep up! Did the system time change, or is the server overloaded? Running 3021ms behind, skipping 60 tick(s)
[21:14:08] [Server thread/WARN]: Keeping entity Bat that already exists with UUID 3848cca9-50b9-4d49-8beb-826af33e73f5
[21:14:08] [Server thread/WARN]: Keeping entity Bat that already exists with UUID 3486620f-939e-4d82-a9af-5fcab34dbddc
[21:14:46] [Server thread/WARN]: Keeping entity Bat that already exists with UUID 3848cca9-50b9-4d49-8beb-826af33e73f5
[21:14:46] [Server thread/WARN]: Keeping entity Bat that already exists with UUID 3486620f-939e-4d82-a9af-5fcab34dbddc
[21:16:21] [Server thread/WARN]: Keeping entity Bat that already exists with UUID 3848cca9-50b9-4d49-8beb-826af33e73f5
[21:16:26] [Server thread/WARN]: Keeping entity Bat that already exists with UUID 3486620f-939e-4d82-a9af-5fcab34dbddc
[21:16:58] [Server thread/INFO]: Lause has just earned the achievement [Acquire Hardware]
[21:17:12] [Server thread/WARN]: Keeping entity Bat that already exists with UUID 3848cca9-50b9-4d49-8beb-826af33e73f5
[21:17:56] [Server thread/WARN]: Keeping entity Bat that already exists with UUID 3848cca9-50b9-4d49-8beb-826af33e73f5
[21:18:42] [Server thread/WARN]: Keeping entity Bat that already exists with UUID 3848cca9-50b9-4d49-8beb-826af33e73f5
[21:18:50] [Server thread/WARN]: Keeping entity Bat that already exists with UUID 3486620f-939e-4d82-a9af-5fcab34dbddc
[21:20:21] [Server thread/WARN]: Keeping entity Bat that already exists with UUID 3848cca9-50b9-4d49-8beb-826af33e73f5
[21:20:21] [Server thread/WARN]: Keeping entity Bat that already exists with UUID 028a3a7d-39fc-4710-8948-ef805357de6d
[21:20:23] [Server thread/WARN]: Keeping entity Bat that already exists with UUID 3486620f-939e-4d82-a9af-5fcab34dbddc
[21:22:28] [Server thread/WARN]: Can't keep up! Did the system time change, or is the server overloaded? Running 3163ms behind, skipping 63 tick(s)
[21:23:54] [Server thread/INFO]: Lause was killed by Witch using magic
[21:24:06] [Server thread/INFO]: Siemq was killed by Witch using magic
[21:24:20] [Server thread/WARN]: Keeping entity Bat that already exists with UUID 3848cca9-50b9-4d49-8beb-826af33e73f5
[21:24:20] [Server thread/WARN]: Keeping entity Bat that already exists with UUID 028a3a7d-39fc-4710-8948-ef805357de6d
[21:24:20] [Server thread/WARN]: Keeping entity Bat that already exists with UUID 3486620f-939e-4d82-a9af-5fcab34dbddc
[21:24:31] [Server thread/WARN]: Keeping entity Bat that already exists with UUID 3848cca9-50b9-4d49-8beb-826af33e73f5
[21:24:31] [Server thread/WARN]: Keeping entity Bat that already exists with UUID 3486620f-939e-4d82-a9af-5fcab34dbddc
[21:25:28] [Server thread/WARN]: Can't keep up! Did the system time change, or is the server overloaded? Running 2080ms behind, skipping 41 tick(s)
[21:26:03] [Server thread/WARN]: Can't keep up! Did the system time change, or is the server overloaded? Running 3762ms behind, skipping 75 tick(s)
[21:30:58] [Server thread/WARN]: Can't keep up! Did the system time change, or is the server overloaded? Running 5151ms behind, skipping 103 tick(s)
[21:37:33] [Server thread/WARN]: Can't keep up! Did the system time change, or is the server overloaded? Running 2084ms behind, skipping 41 tick(s)
[21:37:50] [Server thread/WARN]: Can't keep up! Did the system time change, or is the server overloaded? Running 3092ms behind, skipping 61 tick(s)
[21:37:50] [Server thread/WARN]: Siemq moved too quickly! -6.185053207799456,1.0,-7.954775678226667
[21:38:22] [Server thread/WARN]: Can't keep up! Did the system time change, or is the server overloaded? Running 4517ms behind, skipping 90 tick(s)
[21:39:08] [Server thread/WARN]: Can't keep up! Did the system time change, or is the server overloaded? Running 3219ms behind, skipping 64 tick(s)
[21:39:53] [Server thread/WARN]: Can't keep up! Did the system time change, or is the server overloaded? Running 2167ms behind, skipping 43 tick(s)
[21:40:38] [Server thread/INFO]: <Lause> -1483 66 120
[21:40:39] [Server thread/WARN]: Can't keep up! Did the system time change, or is the server overloaded? Running 2733ms behind, skipping 54 tick(s)
[21:41:28] [Server thread/WARN]: Keeping entity Bat that already exists with UUID 3848cca9-50b9-4d49-8beb-826af33e73f5
[21:41:28] [Server thread/WARN]: Keeping entity Bat that already exists with UUID 028a3a7d-39fc-4710-8948-ef805357de6d
[21:41:28] [Server thread/WARN]: Keeping entity Bat that already exists with UUID 3486620f-939e-4d82-a9af-5fcab34dbddc
[21:42:55] [Server thread/WARN]: Can't keep up! Did the system time change, or is the server overloaded? Running 2993ms behind, skipping 59 tick(s)
[21:43:46] [Server thread/WARN]: Keeping entity Bat that already exists with UUID 3848cca9-50b9-4d49-8beb-826af33e73f5
[21:43:46] [Server thread/WARN]: Keeping entity Bat that already exists with UUID 3486620f-939e-4d82-a9af-5fcab34dbddc
[21:44:48] [Server thread/WARN]: Can't keep up! Did the system time change, or is the server overloaded? Running 2136ms behind, skipping 42 tick(s)
[21:45:11] [Server thread/WARN]: Keeping entity Bat that already exists with UUID 3848cca9-50b9-4d49-8beb-826af33e73f5
[21:45:11] [Server thread/WARN]: Keeping entity Bat that already exists with UUID 028a3a7d-39fc-4710-8948-ef805357de6d
[21:45:11] [Server thread/WARN]: Keeping entity Bat that already exists with UUID 3486620f-939e-4d82-a9af-5fcab34dbddc
[21:45:11] [Server thread/WARN]: Can't keep up! Did the system time change, or is the server overloaded? Running 2864ms behind, skipping 57 tick(s)
[21:45:30] [Server thread/WARN]: Can't keep up! Did the system time change, or is the server overloaded? Running 5697ms behind, skipping 113 tick(s)
[21:45:47] [Server thread/WARN]: Can't keep up! Did the system time change, or is the server overloaded? Running 4484ms behind, skipping 89 tick(s)
[21:46:07] [Server thread/WARN]: Can't keep up! Did the system time change, or is the server overloaded? Running 6921ms behind, skipping 138 tick(s)
[21:46:23] [Server thread/WARN]: Can't keep up! Did the system time change, or is the server overloaded? Running 6097ms behind, skipping 121 tick(s)
[21:48:56] [Server thread/WARN]: Keeping entity Bat that already exists with UUID 3848cca9-50b9-4d49-8beb-826af33e73f5
[21:48:56] [Server thread/WARN]: Keeping entity Bat that already exists with UUID 028a3a7d-39fc-4710-8948-ef805357de6d
[21:49:13] [Server thread/WARN]: Keeping entity Bat that already exists with UUID 3848cca9-50b9-4d49-8beb-826af33e73f5
[21:49:13] [Server thread/WARN]: Keeping entity Bat that already exists with UUID 028a3a7d-39fc-4710-8948-ef805357de6d
[21:49:41] [Server thread/WARN]: Keeping entity Bat that already exists with UUID 3848cca9-50b9-4d49-8beb-826af33e73f5
[21:49:49] [Server thread/WARN]: Keeping entity Bat that already exists with UUID 3848cca9-50b9-4d49-8beb-826af33e73f5
[21:50:12] [Server thread/WARN]: Keeping entity Bat that already exists with UUID 3848cca9-50b9-4d49-8beb-826af33e73f5
[21:50:58] [Server thread/WARN]: Keeping entity Bat that already exists with UUID 3848cca9-50b9-4d49-8beb-826af33e73f5
[21:50:58] [Server thread/WARN]: Keeping entity Bat that already exists with UUID 028a3a7d-39fc-4710-8948-ef805357de6d
[21:51:29] [Server thread/WARN]: Keeping entity Bat that already exists with UUID 3848cca9-50b9-4d49-8beb-826af33e73f5
[21:51:29] [Server thread/WARN]: Keeping entity Bat that already exists with UUID 028a3a7d-39fc-4710-8948-ef805357de6d
[21:54:36] [Server thread/WARN]: Can't keep up! Did the system time change, or is the server overloaded? Running 11776ms behind, skipping 235 tick(s)
[21:55:04] [Server thread/WARN]: Keeping entity Bat that already exists with UUID 3848cca9-50b9-4d49-8beb-826af33e73f5
[21:55:04] [Server thread/WARN]: Keeping entity Bat that already exists with UUID 028a3a7d-39fc-4710-8948-ef805357de6d
[21:55:04] [Server thread/WARN]: Keeping entity Bat that already exists with UUID 3486620f-939e-4d82-a9af-5fcab34dbddc
[21:55:37] [Server thread/WARN]: Keeping entity Bat that already exists with UUID 3848cca9-50b9-4d49-8beb-826af33e73f5
[21:55:37] [Server thread/WARN]: Keeping entity Bat that already exists with UUID 3486620f-939e-4d82-a9af-5fcab34dbddc
[21:58:22] [Server thread/WARN]: Keeping entity Bat that already exists with UUID 3848cca9-50b9-4d49-8beb-826af33e73f5
[21:58:22] [Server thread/WARN]: Keeping entity Bat that already exists with UUID 028a3a7d-39fc-4710-8948-ef805357de6d
[21:58:22] [Server thread/WARN]: Keeping entity Bat that already exists with UUID 3486620f-939e-4d82-a9af-5fcab34dbddc
[21:59:06] [Server thread/WARN]: Keeping entity Bat that already exists with UUID 3848cca9-50b9-4d49-8beb-826af33e73f5
[21:59:06] [Server thread/WARN]: Keeping entity Bat that already exists with UUID 3486620f-939e-4d82-a9af-5fcab34dbddc
[22:00:13] [Server thread/WARN]: Keeping entity Bat that already exists with UUID 3848cca9-50b9-4d49-8beb-826af33e73f5
[22:00:13] [Server thread/WARN]: Keeping entity Bat that already exists with UUID 028a3a7d-39fc-4710-8948-ef805357de6d
[22:00:13] [Server thread/WARN]: Keeping entity Bat that already exists with UUID 3486620f-939e-4d82-a9af-5fcab34dbddc
[22:00:28] [Server thread/WARN]: Keeping entity Bat that already exists with UUID 3848cca9-50b9-4d49-8beb-826af33e73f5
[22:00:28] [Server thread/WARN]: Keeping entity Bat that already exists with UUID 028a3a7d-39fc-4710-8948-ef805357de6d
[22:00:36] [Server thread/WARN]: Can't keep up! Did the system time change, or is the server overloaded? Running 2077ms behind, skipping 41 tick(s)
[22:00:53] [Server thread/WARN]: Keeping entity Bat that already exists with UUID 3848cca9-50b9-4d49-8beb-826af33e73f5
[22:00:53] [Server thread/WARN]: Keeping entity Bat that already exists with UUID 028a3a7d-39fc-4710-8948-ef805357de6d
[22:00:53] [Server thread/WARN]: Keeping entity Bat that already exists with UUID 3486620f-939e-4d82-a9af-5fcab34dbddc
[22:01:23] [Server thread/WARN]: Can't keep up! Did the system time change, or is the server overloaded? Running 3554ms behind, skipping 71 tick(s)
[22:02:53] [Server thread/WARN]: Keeping entity Bat that already exists with UUID 028a3a7d-39fc-4710-8948-ef805357de6d
[22:02:53] [Server thread/WARN]: Keeping entity Bat that already exists with UUID 3486620f-939e-4d82-a9af-5fcab34dbddc
[22:03:48] [Server thread/WARN]: Keeping entity Bat that already exists with UUID 3486620f-939e-4d82-a9af-5fcab34dbddc
[22:07:04] [Server thread/WARN]: Keeping entity Bat that already exists with UUID 028a3a7d-39fc-4710-8948-ef805357de6d
[22:07:04] [Server thread/WARN]: Keeping entity Bat that already exists with UUID 3486620f-939e-4d82-a9af-5fcab34dbddc
[22:08:10] [Server thread/WARN]: Can't keep up! Did the system time change, or is the server overloaded? Running 3172ms behind, skipping 63 tick(s)
[22:10:32] [Server thread/WARN]: Keeping entity Bat that already exists with UUID 028a3a7d-39fc-4710-8948-ef805357de6d
[22:11:42] [Server thread/WARN]: Keeping entity Bat that already exists with UUID 3486620f-939e-4d82-a9af-5fcab34dbddc
[22:14:16] [Server thread/WARN]: Keeping entity Bat that already exists with UUID 028a3a7d-39fc-4710-8948-ef805357de6d
[22:14:19] [Server thread/WARN]: Keeping entity Bat that already exists with UUID 3486620f-939e-4d82-a9af-5fcab34dbddc
[22:15:36] [Server thread/WARN]: Keeping entity Bat that already exists with UUID 028a3a7d-39fc-4710-8948-ef805357de6d
[22:16:38] [Server thread/WARN]: Keeping entity Bat that already exists with UUID 3486620f-939e-4d82-a9af-5fcab34dbddc
[22:19:14] [Server thread/INFO]: Siemq has just earned the achievement [Benchmarking]
[22:19:29] [Server thread/INFO]: Siemq has just earned the achievement [Time to Farm!]
[22:20:57] [Server thread/INFO]: Lause has just earned the achievement [The Lie]
[22:21:42] [Server thread/WARN]: Keeping entity Bat that already exists with UUID 028a3a7d-39fc-4710-8948-ef805357de6d
[22:22:18] [Server thread/WARN]: Keeping entity Bat that already exists with UUID 3486620f-939e-4d82-a9af-5fcab34dbddc
[22:23:50] [Server thread/INFO]: Lause was slain by Enderman
[22:23:56] [Server thread/WARN]: Can't keep up! Did the system time change, or is the server overloaded? Running 2338ms behind, skipping 46 tick(s)
[22:24:40] [Server thread/WARN]: Can't keep up! Did the system time change, or is the server overloaded? Running 2621ms behind, skipping 52 tick(s)
[22:25:25] [Server thread/WARN]: Can't keep up! Did the system time change, or is the server overloaded? Running 2180ms behind, skipping 43 tick(s)
[22:26:57] [Server thread/INFO]: <Siemq> wa
[22:27:40] [Server thread/WARN]: Can't keep up! Did the system time change, or is the server overloaded? Running 2397ms behind, skipping 47 tick(s)
[22:28:02] [Server thread/WARN]: Keeping entity Bat that already exists with UUID 028a3a7d-39fc-4710-8948-ef805357de6d
[22:28:02] [Server thread/WARN]: Keeping entity Bat that already exists with UUID 3486620f-939e-4d82-a9af-5fcab34dbddc
[22:28:48] [Server thread/INFO]: Lause fell from a high place
[22:29:44] [Server thread/INFO]: Lause fell from a high place
[22:29:58] [Server thread/WARN]: Can't keep up! Did the system time change, or is the server overloaded? Running 4117ms behind, skipping 82 tick(s)
[22:32:13] [Server thread/WARN]: Can't keep up! Did the system time change, or is the server overloaded? Running 2379ms behind, skipping 47 tick(s)
[22:33:55] [Server thread/WARN]: Keeping entity Bat that already exists with UUID 028a3a7d-39fc-4710-8948-ef805357de6d
[22:34:28] [Server thread/WARN]: Can't keep up! Did the system time change, or is the server overloaded? Running 2194ms behind, skipping 43 tick(s)
[22:34:31] [Server thread/WARN]: Keeping entity Bat that already exists with UUID 028a3a7d-39fc-4710-8948-ef805357de6d
[22:34:41] [Server thread/INFO]: Lause was slain by Enderman
[22:34:49] [Server thread/INFO]: Siemq lost connection: TextComponent{text='Disconnected', siblings=[], style=Style{hasParent=false, color=null, bold=null, italic=null, underlined=null, obfuscated=null, clickEvent=null, hoverEvent=null, insertion=null}}
[22:34:49] [Server thread/INFO]: Siemq left the game
[22:36:00] [Server thread/WARN]: Can't keep up! Did the system time change, or is the server overloaded? Running 3487ms behind, skipping 69 tick(s)
[22:36:01] [Server thread/WARN]: Keeping entity Bat that already exists with UUID 028a3a7d-39fc-4710-8948-ef805357de6d
[22:36:02] [Server thread/INFO]: Siemq[/192.168.0.13:56131] logged in with entity id 73587 at (-1863.3908096081998, 63.0, 79.38016667082032)
[22:36:02] [Server thread/INFO]: Siemq joined the game
[22:38:20] [Server thread/WARN]: Keeping entity Bat that already exists with UUID 028a3a7d-39fc-4710-8948-ef805357de6d
[22:39:00] [Server thread/WARN]: Can't keep up! Did the system time change, or is the server overloaded? Running 2650ms behind, skipping 53 tick(s)
[22:41:46] [Server thread/WARN]: Keeping entity Bat that already exists with UUID 028a3a7d-39fc-4710-8948-ef805357de6d
[22:45:44] [Server thread/WARN]: Keeping entity Bat that already exists with UUID 028a3a7d-39fc-4710-8948-ef805357de6d
[22:46:32] [Server thread/WARN]: Keeping entity Bat that already exists with UUID 028a3a7d-39fc-4710-8948-ef805357de6d
[22:47:05] [Server thread/WARN]: Keeping entity Bat that already exists with UUID 028a3a7d-39fc-4710-8948-ef805357de6d
[22:53:16] [Server thread/WARN]: Can't keep up! Did the system time change, or is the server overloaded? Running 2212ms behind, skipping 44 tick(s)
[22:54:02] [Server thread/WARN]: Can't keep up! Did the system time change, or is the server overloaded? Running 2915ms behind, skipping 58 tick(s)
[22:54:47] [Server thread/WARN]: Can't keep up! Did the system time change, or is the server overloaded? Running 2436ms behind, skipping 48 tick(s)
[22:56:19] [Server thread/WARN]: Keeping entity Bat that already exists with UUID 028a3a7d-39fc-4710-8948-ef805357de6d
[22:56:19] [Server thread/WARN]: Can't keep up! Did the system time change, or is the server overloaded? Running 3212ms behind, skipping 64 tick(s)
[22:56:29] [Server thread/INFO]: Siemq lost connection: TextComponent{text='Disconnected', siblings=[], style=Style{hasParent=false, color=null, bold=null, italic=null, underlined=null, obfuscated=null, clickEvent=null, hoverEvent=null, insertion=null}}
[22:56:29] [Server thread/INFO]: Siemq left the game
[22:57:46] [Server thread/WARN]: Keeping entity Bat that already exists with UUID 028a3a7d-39fc-4710-8948-ef805357de6d
[22:59:50] [Server thread/INFO]: Siemq[/192.168.0.13:56218] logged in with entity id 82396 at (-2359.7423120435824, 68.0, 172.699999988079)
[22:59:50] [Server thread/INFO]: Siemq joined the game
[23:00:04] [Server thread/WARN]: Keeping entity Bat that already exists with UUID 028a3a7d-39fc-4710-8948-ef805357de6d
[23:00:04] [Server thread/WARN]: Can't keep up! Did the system time change, or is the server overloaded? Running 2766ms behind, skipping 55 tick(s)
[23:00:21] [Server thread/WARN]: Can't keep up! Did the system time change, or is the server overloaded? Running 3537ms behind, skipping 70 tick(s)
[23:01:00] [Server thread/WARN]: Keeping entity Bat that already exists with UUID 028a3a7d-39fc-4710-8948-ef805357de6d
[23:02:21] [Server thread/WARN]: Can't keep up! Did the system time change, or is the server overloaded? Running 2605ms behind, skipping 52 tick(s)
[23:02:39] [Server thread/WARN]: Can't keep up! Did the system time change, or is the server overloaded? Running 3413ms behind, skipping 68 tick(s)
[23:03:08] [Server thread/WARN]: Can't keep up! Did the system time change, or is the server overloaded? Running 2649ms behind, skipping 52 tick(s)
[23:03:55] [Server thread/WARN]: Can't keep up! Did the system time change, or is the server overloaded? Running 2147ms behind, skipping 42 tick(s)
[23:04:38] [Server thread/WARN]: Can't keep up! Did the system time change, or is the server overloaded? Running 2197ms behind, skipping 43 tick(s)
[23:04:57] [Server thread/WARN]: Can't keep up! Did the system time change, or is the server overloaded? Running 3788ms behind, skipping 75 tick(s)
[23:05:14] [Server thread/WARN]: Can't keep up! Did the system time change, or is the server overloaded? Running 5249ms behind, skipping 104 tick(s)
[23:05:31] [Server thread/WARN]: Can't keep up! Did the system time change, or is the server overloaded? Running 2392ms behind, skipping 47 tick(s)
[23:05:48] [Server thread/WARN]: Can't keep up! Did the system time change, or is the server overloaded? Running 4400ms behind, skipping 88 tick(s)
[23:06:04] [Server thread/WARN]: Can't keep up! Did the system time change, or is the server overloaded? Running 2945ms behind, skipping 58 tick(s)
[23:06:09] [Server thread/WARN]: Keeping entity Bat that already exists with UUID 028a3a7d-39fc-4710-8948-ef805357de6d
[23:06:24] [Server thread/WARN]: Can't keep up! Did the system time change, or is the server overloaded? Running 3948ms behind, skipping 78 tick(s)
[23:07:06] [Server thread/WARN]: Can't keep up! Did the system time change, or is the server overloaded? Running 2027ms behind, skipping 40 tick(s)
[23:07:42] [Server thread/INFO]: Siemq lost connection: TextComponent{text='Disconnected', siblings=[], style=Style{hasParent=false, color=null, bold=null, italic=null, underlined=null, obfuscated=null, clickEvent=null, hoverEvent=null, insertion=null}}
[23:07:42] [Server thread/INFO]: Siemq left the game
[23:07:58] [Server thread/INFO]: Siemq[/192.168.0.13:56232] logged in with entity id 85779 at (-2269.92777352527, 64.0, 1030.496130465971)
[23:07:58] [Server thread/INFO]: Siemq joined the game
[23:08:30] [Server thread/WARN]: Keeping entity Bat that already exists with UUID 028a3a7d-39fc-4710-8948-ef805357de6d
[23:09:20] [Server thread/WARN]: Can't keep up! Did the system time change, or is the server overloaded? Running 2270ms behind, skipping 45 tick(s)
[23:10:06] [Server thread/WARN]: Can't keep up! Did the system time change, or is the server overloaded? Running 3050ms behind, skipping 61 tick(s)
[23:10:32] [Server thread/WARN]: Can't keep up! Did the system time change, or is the server overloaded? Running 2971ms behind, skipping 59 tick(s)
[23:10:49] [Server thread/WARN]: Lause moved wrongly!
[23:10:53] [Server thread/WARN]: Can't keep up! Did the system time change, or is the server overloaded? Running 4831ms behind, skipping 96 tick(s)
[23:11:03] [Server thread/INFO]: Lause was slain by Zombie
[23:11:06] [Server thread/WARN]: Can't keep up! Did the system time change, or is the server overloaded? Running 2090ms behind, skipping 41 tick(s)
[23:11:43] [Server thread/WARN]: Can't keep up! Did the system time change, or is the server overloaded? Running 4894ms behind, skipping 97 tick(s)
[23:12:08] [Server thread/WARN]: Can't keep up! Did the system time change, or is the server overloaded? Running 3064ms behind, skipping 61 tick(s)
[23:12:30] [Server thread/WARN]: Can't keep up! Did the system time change, or is the server overloaded? Running 3926ms behind, skipping 78 tick(s)
[23:13:08] [Server thread/INFO]: Siemq drowned
[23:13:15] [Server thread/WARN]: Can't keep up! Did the system time change, or is the server overloaded? Running 2244ms behind, skipping 44 tick(s)
[23:14:38] [Server thread/INFO]: Lause was blown up by Creeper
[23:22:16] [Server thread/WARN]: Can't keep up! Did the system time change, or is the server overloaded? Running 2430ms behind, skipping 48 tick(s)
[23:23:13] [Server thread/INFO]: Lause was slain by Zombie
[23:25:17] [Server thread/WARN]: Can't keep up! Did the system time change, or is the server overloaded? Running 2185ms behind, skipping 43 tick(s)
[23:25:46] [Server thread/INFO]: Lause was shot by Skeleton
[23:26:02] [Server thread/WARN]: Can't keep up! Did the system time change, or is the server overloaded? Running 2683ms behind, skipping 53 tick(s)
[23:26:58] [Server thread/INFO]: Siemq was blown up by Creeper
[23:32:39] [Server thread/INFO]: Lause was slain by Spider
[23:33:32] [Server thread/INFO]: Siemq was blown up by Creeper
[23:35:21] [Server thread/INFO]: Siemq was slain by Zombie
[23:35:47] [Server thread/WARN]: Can't keep up! Did the system time change, or is the server overloaded? Running 2047ms behind, skipping 40 tick(s)
[23:56:02] [Server thread/WARN]: Can't keep up! Did the system time change, or is the server overloaded? Running 2359ms behind, skipping 47 tick(s)
